<?xml version="1.0" encoding="UTF-8"?>
<testng-results skipped="0" failed="0" ignored="0" total="1" passed="1">
  <reporter-output>
  </reporter-output>
  <suite name="Default suite" duration-ms="39866" started-at="2017-12-18T07:22:02Z" finished-at="2017-12-18T07:22:42Z">
    <groups>
    </groups>
    <test name="Default test" duration-ms="39866" started-at="2017-12-18T07:22:02Z" finished-at="2017-12-18T07:22:42Z">
      <class name="test.MercuryTours">
        <test-method status="PASS" signature="setUp()[pri:0, instance:test.MercuryTours@5ae9a829]" name="setUp" is-config="true" duration-ms="6947" started-at="2017-12-18T12:52:02Z" finished-at="2017-12-18T12:52:09Z">
          <reporter-output>
          </reporter-output>
        </test-method> <!-- setUp -->
        <test-method status="PASS" signature="test()[pri:0, instance:test.MercuryTours@5ae9a829]" name="test" duration-ms="32907" started-at="2017-12-18T12:52:09Z" finished-at="2017-12-18T12:52:42Z">
          <reporter-output>
          </reporter-output>
        </test-method> <!-- test -->
        <test-method status="PASS" signature="tearDown()[pri:0, instance:test.MercuryTours@5ae9a829]" name="tearDown" is-config="true" duration-ms="0" started-at="2017-12-18T12:52:42Z" finished-at="2017-12-18T12:52:42Z">
          <reporter-output>
          </reporter-output>
        </test-method> <!-- tearDown -->
      </class> <!-- test.MercuryTours -->
    </test> <!-- Default test -->
  </suite> <!-- Default suite -->
</testng-results>
