<?xml version="1.0" encoding="UTF-8"?>
<testng-results skipped="0" failed="0" total="1" passed="1">
  <reporter-output>
  </reporter-output>
  <suite name="Default suite" duration-ms="10444" started-at="2017-12-28T07:51:22Z" finished-at="2017-12-28T07:51:32Z">
    <groups>
    </groups>
    <test name="Default test" duration-ms="10444" started-at="2017-12-28T07:51:22Z" finished-at="2017-12-28T07:51:32Z">
      <class name="report.TestReport">
        <test-method status="PASS" signature="verifySeleniumBlog()[pri:0, instance:report.TestReport@2a2d45ba]" name="verifySeleniumBlog" duration-ms="10433" started-at="2017-12-28T13:21:22Z" finished-at="2017-12-28T13:21:32Z">
          <reporter-output>
          </reporter-output>
        </test-method> <!-- verifySeleniumBlog -->
      </class> <!-- report.TestReport -->
    </test> <!-- Default test -->
  </suite> <!-- Default suite -->
</testng-results>
