<?xml version="1.0" encoding="UTF-8"?>
<testng-results skipped="0" failed="0" ignored="0" total="2" passed="2">
  <reporter-output>
  </reporter-output>
  <suite name="Default suite" duration-ms="34752" started-at="2018-02-01T14:28:30Z" finished-at="2018-02-01T14:29:05Z">
    <groups>
    </groups>
    <test name="Default test" duration-ms="34752" started-at="2018-02-01T14:28:30Z" finished-at="2018-02-01T14:29:05Z">
      <class name="test.NewTest">
        <test-method status="PASS" signature="setUp()[pri:0, instance:test.NewTest@5442a311]" name="setUp" is-config="true" duration-ms="10068" started-at="2018-02-01T19:58:30Z" finished-at="2018-02-01T19:58:40Z">
          <reporter-output>
          </reporter-output>
        </test-method> <!-- setUp -->
        <test-method status="PASS" signature="f()[pri:0, instance:test.NewTest@5442a311]" name="f" duration-ms="23278" started-at="2018-02-01T19:58:40Z" finished-at="2018-02-01T19:59:03Z">
          <reporter-output>
          </reporter-output>
        </test-method> <!-- f -->
        <test-method status="PASS" signature="test()[pri:0, instance:test.NewTest@5442a311]" name="test" duration-ms="1" started-at="2018-02-01T19:59:03Z" finished-at="2018-02-01T19:59:03Z">
          <reporter-output>
          </reporter-output>
        </test-method> <!-- test -->
        <test-method status="PASS" signature="afterTest()[pri:0, instance:test.NewTest@5442a311]" name="afterTest" is-config="true" duration-ms="749" started-at="2018-02-01T19:59:03Z" finished-at="2018-02-01T19:59:04Z">
          <reporter-output>
          </reporter-output>
        </test-method> <!-- afterTest -->
        <test-method status="PASS" signature="tearDown()[pri:0, instance:test.NewTest@5442a311]" name="tearDown" is-config="true" duration-ms="637" started-at="2018-02-01T19:59:04Z" depends-on-methods="test.NewTest.afterTest" finished-at="2018-02-01T19:59:05Z">
          <reporter-output>
          </reporter-output>
        </test-method> <!-- tearDown -->
      </class> <!-- test.NewTest -->
    </test> <!-- Default test -->
  </suite> <!-- Default suite -->
</testng-results>
