<?xml version="1.0" encoding="UTF-8"?>
<testng-results skipped="0" failed="0" ignored="0" total="1" passed="1">
  <reporter-output>
  </reporter-output>
  <suite name="Default suite" duration-ms="65057" started-at="2018-02-08T11:46:42Z" finished-at="2018-02-08T11:47:47Z">
    <groups>
    </groups>
    <test name="Default test" duration-ms="65057" started-at="2018-02-08T11:46:42Z" finished-at="2018-02-08T11:47:47Z">
      <class name="test.Filter">
        <test-method status="PASS" signature="setUp()[pri:0, instance:test.Filter@685cb137]" name="setUp" is-config="true" duration-ms="29158" started-at="2018-02-08T17:16:42Z" finished-at="2018-02-08T17:17:11Z">
          <reporter-output>
          </reporter-output>
        </test-method> <!-- setUp -->
        <test-method status="PASS" signature="SelfEmployTestCase()[pri:0, instance:test.Filter@685cb137]" name="SelfEmployTestCase" duration-ms="33093" started-at="2018-02-08T17:17:11Z" finished-at="2018-02-08T17:17:44Z">
          <reporter-output>
          </reporter-output>
        </test-method> <!-- SelfEmployTestCase -->
        <test-method status="PASS" signature="tearDown()[pri:0, instance:test.Filter@685cb137]" name="tearDown" is-config="true" duration-ms="2774" started-at="2018-02-08T17:17:44Z" finished-at="2018-02-08T17:17:47Z">
          <reporter-output>
          </reporter-output>
        </test-method> <!-- tearDown -->
      </class> <!-- test.Filter -->
    </test> <!-- Default test -->
  </suite> <!-- Default suite -->
</testng-results>
