<?xml version="1.0" encoding="UTF-8"?>
<testng-results skipped="0" failed="1" ignored="0" total="2" passed="1">
  <reporter-output>
  </reporter-output>
  <suite name="Default suite" duration-ms="49674" started-at="2018-01-05T10:05:44Z" finished-at="2018-01-05T10:06:34Z">
    <groups>
    </groups>
    <test name="Default test" duration-ms="49674" started-at="2018-01-05T10:05:44Z" finished-at="2018-01-05T10:06:34Z">
      <class name="test.NewTest">
        <test-method status="PASS" signature="setUp()[pri:0, instance:test.NewTest@42e26948]" name="setUp" is-config="true" duration-ms="8311" started-at="2018-01-05T15:35:44Z" finished-at="2018-01-05T15:35:53Z">
          <reporter-output>
          </reporter-output>
        </test-method> <!-- setUp -->
        <test-method status="FAIL" signature="f()[pri:0, instance:test.NewTest@42e26948]" name="f" duration-ms="40367" started-at="2018-01-05T15:35:53Z" finished-at="2018-01-05T15:36:33Z">
          <exception class="org.openqa.selenium.WebDriverException">
            <message>
              <![CDATA[An unknown server-side error occurred while processing the command. (Original error: Soft keyboard not present, cannot hide keyboard) (WARNING: The server did not provide any stacktrace information)
Command duration or timeout: 147 milliseconds
Build info: version: '3.4.0', revision: 'unknown', time: 'unknown'
System info: host: 'DESKTOP-D1RQJBI', ip: '192.168.178.2', os.name: 'Windows 10', os.arch: 'amd64', os.version: '10.0', java.version: '1.8.0_144'
Driver info: io.appium.java_client.android.AndroidDriver
Capabilities [{app=E:\Appium Class Notes\Class5\Self Employ.apk, networkConnectionEnabled=true, noReset=true, warnings={}, databaseEnabled=false, deviceName=emulator-5554, platform=LINUX, desired={app=E:\Appium Class Notes\Class5\Self Employ.apk, noReset=true, platformVersion=6.0, platformName=Android, deviceName=110158e934f1334a}, platformVersion=6.0, webStorageEnabled=false, locationContextEnabled=false, browserName=Android, takesScreenshot=true, javascriptEnabled=true, platformName=Android}]
Session ID: 9ed55966-493b-448a-8549-39f3fa6ea593]]>
            </message>
            <full-stacktrace>
              <![CDATA[org.openqa.selenium.WebDriverException: An unknown server-side error occurred while processing the command. (Original error: Soft keyboard not present, cannot hide keyboard) (WARNING: The server did not provide any stacktrace information)
Command duration or timeout: 147 milliseconds
Build info: version: '3.4.0', revision: 'unknown', time: 'unknown'
System info: host: 'DESKTOP-D1RQJBI', ip: '192.168.178.2', os.name: 'Windows 10', os.arch: 'amd64', os.version: '10.0', java.version: '1.8.0_144'
Driver info: io.appium.java_client.android.AndroidDriver
Capabilities [{app=E:\Appium Class Notes\Class5\Self Employ.apk, networkConnectionEnabled=true, noReset=true, warnings={}, databaseEnabled=false, deviceName=emulator-5554, platform=LINUX, desired={app=E:\Appium Class Notes\Class5\Self Employ.apk, noReset=true, platformVersion=6.0, platformName=Android, deviceName=110158e934f1334a}, platformVersion=6.0, webStorageEnabled=false, locationContextEnabled=false, browserName=Android, takesScreenshot=true, javascriptEnabled=true, platformName=Android}]
Session ID: 9ed55966-493b-448a-8549-39f3fa6ea593
	at sun.reflect.NativeConstructorAccessorImpl.newInstance0(Native Method)
	at sun.reflect.NativeConstructorAccessorImpl.newInstance(Unknown Source)
	at sun.reflect.DelegatingConstructorAccessorImpl.newInstance(Unknown Source)
	at java.lang.reflect.Constructor.newInstance(Unknown Source)
	at org.openqa.selenium.remote.ErrorHandler.createThrowable(ErrorHandler.java:215)
	at org.openqa.selenium.remote.ErrorHandler.throwIfResponseFailed(ErrorHandler.java:167)
	at org.openqa.selenium.remote.RemoteWebDriver.execute(RemoteWebDriver.java:671)
	at io.appium.java_client.DefaultGenericMobileDriver.execute(DefaultGenericMobileDriver.java:40)
	at io.appium.java_client.AppiumDriver.execute(AppiumDriver.java:235)
	at io.appium.java_client.AppiumDriver.hideKeyboard(AppiumDriver.java:305)
	at test.NewTest.f(NewTest.java:72)
	at sun.reflect.NativeMethodAccessorImpl.invoke0(Native Method)
	at sun.reflect.NativeMethodAccessorImpl.invoke(Unknown Source)
	at sun.reflect.DelegatingMethodAccessorImpl.invoke(Unknown Source)
	at java.lang.reflect.Method.invoke(Unknown Source)
	at org.testng.internal.MethodInvocationHelper.invokeMethod(MethodInvocationHelper.java:108)
	at org.testng.internal.Invoker.invokeMethod(Invoker.java:669)
	at org.testng.internal.Invoker.invokeTestMethod(Invoker.java:877)
	at org.testng.internal.Invoker.invokeTestMethods(Invoker.java:1201)
	at org.testng.internal.TestMethodWorker.invokeTestMethods(TestMethodWorker.java:125)
	at org.testng.internal.TestMethodWorker.run(TestMethodWorker.java:109)
	at org.testng.TestRunner.privateRun(TestRunner.java:776)
	at org.testng.TestRunner.run(TestRunner.java:634)
	at org.testng.SuiteRunner.runTest(SuiteRunner.java:425)
	at org.testng.SuiteRunner.runSequentially(SuiteRunner.java:420)
	at org.testng.SuiteRunner.privateRun(SuiteRunner.java:385)
	at org.testng.SuiteRunner.run(SuiteRunner.java:334)
	at org.testng.SuiteRunnerWorker.runSuite(SuiteRunnerWorker.java:52)
	at org.testng.SuiteRunnerWorker.run(SuiteRunnerWorker.java:86)
	at org.testng.TestNG.runSuitesSequentially(TestNG.java:1318)
	at org.testng.TestNG.runSuitesLocally(TestNG.java:1243)
	at org.testng.TestNG.runSuites(TestNG.java:1161)
	at org.testng.TestNG.run(TestNG.java:1129)
	at org.testng.remote.AbstractRemoteTestNG.run(AbstractRemoteTestNG.java:114)
	at org.testng.remote.RemoteTestNG.initAndRun(RemoteTestNG.java:251)
	at org.testng.remote.RemoteTestNG.main(RemoteTestNG.java:77)
]]>
            </full-stacktrace>
          </exception> <!-- org.openqa.selenium.WebDriverException -->
          <reporter-output>
          </reporter-output>
        </test-method> <!-- f -->
        <test-method status="PASS" signature="test()[pri:0, instance:test.NewTest@42e26948]" name="test" duration-ms="1" started-at="2018-01-05T15:36:33Z" finished-at="2018-01-05T15:36:33Z">
          <reporter-output>
          </reporter-output>
        </test-method> <!-- test -->
        <test-method status="PASS" signature="tearDown()[pri:0, instance:test.NewTest@42e26948]" name="tearDown" is-config="true" duration-ms="971" started-at="2018-01-05T15:36:33Z" depends-on-methods="test.NewTest.afterTest" finished-at="2018-01-05T15:36:34Z">
          <reporter-output>
          </reporter-output>
        </test-method> <!-- tearDown -->
        <test-method status="PASS" signature="afterTest()[pri:0, instance:test.NewTest@42e26948]" name="afterTest" is-config="true" duration-ms="0" started-at="2018-01-05T15:36:33Z" finished-at="2018-01-05T15:36:33Z">
          <reporter-output>
          </reporter-output>
        </test-method> <!-- afterTest -->
      </class> <!-- test.NewTest -->
    </test> <!-- Default test -->
  </suite> <!-- Default suite -->
</testng-results>
