<?xml version="1.0" encoding="UTF-8"?>
<testng-results skipped="0" failed="0" ignored="0" total="2" passed="2">
  <reporter-output>
  </reporter-output>
  <suite name="Default suite" duration-ms="100776" started-at="2018-02-09T10:01:17Z" finished-at="2018-02-09T10:02:57Z">
    <groups>
    </groups>
    <test name="Default test" duration-ms="100776" started-at="2018-02-09T10:01:17Z" finished-at="2018-02-09T10:02:57Z">
      <class name="RND.SetStarRating">
        <test-method status="PASS" signature="setUp()[pri:0, instance:RND.SetStarRating@6d4b1c02]" name="setUp" is-config="true" duration-ms="96562" started-at="2018-02-09T15:31:17Z" finished-at="2018-02-09T15:32:53Z">
          <reporter-output>
          </reporter-output>
        </test-method> <!-- setUp -->
        <test-method status="PASS" signature="set3StarRatingbar()[pri:0, instance:RND.SetStarRating@6d4b1c02]" name="set3StarRatingbar" duration-ms="1323" started-at="2018-02-09T15:32:53Z" finished-at="2018-02-09T15:32:54Z">
          <reporter-output>
          </reporter-output>
        </test-method> <!-- set3StarRatingbar -->
        <test-method status="PASS" signature="set5StarRatingbar()[pri:0, instance:RND.SetStarRating@6d4b1c02]" name="set5StarRatingbar" duration-ms="957" started-at="2018-02-09T15:32:54Z" finished-at="2018-02-09T15:32:55Z">
          <reporter-output>
          </reporter-output>
        </test-method> <!-- set5StarRatingbar -->
        <test-method status="PASS" signature="End()[pri:0, instance:RND.SetStarRating@6d4b1c02]" name="End" is-config="true" duration-ms="1897" started-at="2018-02-09T15:32:55Z" finished-at="2018-02-09T15:32:57Z">
          <reporter-output>
          </reporter-output>
        </test-method> <!-- End -->
      </class> <!-- RND.SetStarRating -->
    </test> <!-- Default test -->
  </suite> <!-- Default suite -->
</testng-results>
