<?xml version="1.0" encoding="UTF-8"?>
<testng-results skipped="0" failed="0" total="1" passed="1">
  <reporter-output>
  </reporter-output>
  <suite name="Default suite" duration-ms="8556" started-at="2017-12-22T09:38:20Z" finished-at="2017-12-22T09:38:29Z">
    <groups>
    </groups>
    <test name="Default test" duration-ms="8556" started-at="2017-12-22T09:38:20Z" finished-at="2017-12-22T09:38:29Z">
      <class name="report.TestReport">
        <test-method status="PASS" signature="verifySeleniumBlog()[pri:0, instance:report.TestReport@1810399e]" name="verifySeleniumBlog" duration-ms="8544" started-at="2017-12-22T15:08:20Z" finished-at="2017-12-22T15:08:29Z">
          <reporter-output>
          </reporter-output>
        </test-method> <!-- verifySeleniumBlog -->
      </class> <!-- report.TestReport -->
    </test> <!-- Default test -->
  </suite> <!-- Default suite -->
</testng-results>
