<?xml version="1.0" encoding="UTF-8"?>
<!-- Generated by org.testng.reporters.JUnitXMLReporter -->
<testsuite hostname="DESKTOP-D1RQJBI" ignored="0" name="Default test" tests="10" failures="0" timestamp="30 Mar 2018 11:34:23 GMT" time="26.048" errors="0">
  <testcase name="testLogin" time="5.887" classname="test.MercuryTours"/>
  <testcase name="testLogin" time="1.993" classname="test.MercuryTours"/>
  <testcase name="testLogin" time="0.094" classname="test.MercuryTours"/>
  <testcase name="testLogin" time="0.061" classname="test.MercuryTours"/>
  <testcase name="testLogin" time="5.846" classname="test.MercuryTours"/>
  <testcase name="testLogin" time="3.93" classname="test.MercuryTours"/>
  <testcase name="testLogin" time="1.71" classname="test.MercuryTours"/>
  <testcase name="testLogin" time="0.073" classname="test.MercuryTours"/>
  <testcase name="testLogin" time="0.041" classname="test.MercuryTours"/>
  <testcase name="testLogin" time="5.577" classname="test.MercuryTours"/>
</testsuite> <!-- Default test -->
